{"D:\\Programming\\Test_Projects\\art-museum2\\src\\App.tsx": {"path":"D:\\Programming\\Test_Projects\\art-museum2\\src\\App.tsx","statementMap":{"0":{"start":{"line":8,"column":26},"end":{"line":10,"column":4}},"1":{"start":{"line":9,"column":4},"end":{"line":9,"column":55}},"2":{"start":{"line":12,"column":2},"end":{"line":16,"column":4}}},"fnMap":{"0":{"name":"App","decl":{"start":{"line":7,"column":16},"end":{"line":7,"column":19}},"loc":{"start":{"line":7,"column":22},"end":{"line":17,"column":1}},"line":7},"1":{"name":"(anonymous_1)","decl":{"start":{"line":8,"column":37},"end":{"line":8,"column":38}},"loc":{"start":{"line":9,"column":4},"end":{"line":9,"column":55}},"line":9}},"branchMap":{},"s":{"0":0,"1":0,"2":0},"f":{"0":0,"1":0},"b":{}}
,"D:\\Programming\\Test_Projects\\art-museum2\\src\\main.tsx": {"path":"D:\\Programming\\Test_Projects\\art-museum2\\src\\main.tsx","statementMap":{"0":{"start":{"line":6,"column":0},"end":{"line":10,"column":2}}},"fnMap":{},"branchMap":{},"s":{"0":0},"f":{},"b":{}}
,"D:\\Programming\\Test_Projects\\art-museum2\\src\\routes.tsx": {"path":"D:\\Programming\\Test_Projects\\art-museum2\\src\\routes.tsx","statementMap":{"0":{"start":{"line":6,"column":26},"end":{"line":6,"column":29}},"1":{"start":{"line":7,"column":30},"end":{"line":7,"column":36}},"2":{"start":{"line":8,"column":27},"end":{"line":8,"column":40}},"3":{"start":{"line":9,"column":25},"end":{"line":9,"column":29}},"4":{"start":{"line":10,"column":22},"end":{"line":27,"column":1}}},"fnMap":{},"branchMap":{},"s":{"0":0,"1":0,"2":0,"3":0,"4":0},"f":{},"b":{}}
,"D:\\Programming\\Test_Projects\\art-museum2\\src\\vite-env.d.ts": {"path":"D:\\Programming\\Test_Projects\\art-museum2\\src\\vite-env.d.ts","statementMap":{},"fnMap":{},"branchMap":{},"s":{},"f":{},"b":{}}
,"D:\\Programming\\Test_Projects\\art-museum2\\src\\Components\\ArtWorkInfoCard\\index.tsx": {"path":"D:\\Programming\\Test_Projects\\art-museum2\\src\\Components\\ArtWorkInfoCard\\index.tsx","statementMap":{"0":{"start":{"line":22,"column":57},"end":{"line":73,"column":1}},"1":{"start":{"line":28,"column":21},"end":{"line":28,"column":68}},"2":{"start":{"line":29,"column":21},"end":{"line":29,"column":50}},"3":{"start":{"line":30,"column":19},"end":{"line":30,"column":32}},"4":{"start":{"line":32,"column":26},"end":{"line":34,"column":3}},"5":{"start":{"line":33,"column":4},"end":{"line":33,"column":45}},"6":{"start":{"line":35,"column":25},"end":{"line":37,"column":3}},"7":{"start":{"line":36,"column":4},"end":{"line":36,"column":35}},"8":{"start":{"line":38,"column":2},"end":{"line":72,"column":4}},"9":{"start":{"line":58,"column":18},"end":{"line":58,"column":38}}},"fnMap":{"0":{"name":"(anonymous_0)","decl":{"start":{"line":22,"column":57},"end":{"line":22,"column":58}},"loc":{"start":{"line":27,"column":6},"end":{"line":73,"column":1}},"line":27},"1":{"name":"(anonymous_1)","decl":{"start":{"line":32,"column":26},"end":{"line":32,"column":27}},"loc":{"start":{"line":32,"column":32},"end":{"line":34,"column":3}},"line":32},"2":{"name":"(anonymous_2)","decl":{"start":{"line":35,"column":25},"end":{"line":35,"column":26}},"loc":{"start":{"line":35,"column":31},"end":{"line":37,"column":3}},"line":35},"3":{"name":"(anonymous_3)","decl":{"start":{"line":57,"column":25},"end":{"line":57,"column":26}},"loc":{"start":{"line":57,"column":32},"end":{"line":59,"column":17}},"line":57}},"branchMap":{"0":{"loc":{"start":{"line":40,"column":7},"end":{"line":70,"column":7}},"type":"cond-expr","locations":[{"start":{"line":41,"column":8},"end":{"line":41,"column":54}},{"start":{"line":43,"column":8},"end":{"line":69,"column":14}}],"line":40},"1":{"loc":{"start":{"line":53,"column":19},"end":{"line":53,"column":68}},"type":"cond-expr","locations":[{"start":{"line":53,"column":46},"end":{"line":53,"column":54}},{"start":{"line":53,"column":57},"end":{"line":53,"column":68}}],"line":53},"2":{"loc":{"start":{"line":62,"column":29},"end":{"line":62,"column":70}},"type":"cond-expr","locations":[{"start":{"line":62,"column":41},"end":{"line":62,"column":50}},{"start":{"line":62,"column":53},"end":{"line":62,"column":70}}],"line":62}},"s":{"0":0,"1":0,"2":0,"3":0,"4":0,"5":0,"6":0,"7":0,"8":0,"9":0},"f":{"0":0,"1":0,"2":0,"3":0},"b":{"0":[0,0],"1":[0,0],"2":[0,0]}}
,"D:\\Programming\\Test_Projects\\art-museum2\\src\\Components\\ArtWorkInfoCartSmall\\index.tsx": {"path":"D:\\Programming\\Test_Projects\\art-museum2\\src\\Components\\ArtWorkInfoCartSmall\\index.tsx","statementMap":{"0":{"start":{"line":21,"column":67},"end":{"line":64,"column":1}},"1":{"start":{"line":26,"column":19},"end":{"line":26,"column":32}},"2":{"start":{"line":27,"column":21},"end":{"line":27,"column":69}},"3":{"start":{"line":28,"column":21},"end":{"line":28,"column":50}},"4":{"start":{"line":30,"column":26},"end":{"line":32,"column":3}},"5":{"start":{"line":31,"column":4},"end":{"line":31,"column":45}},"6":{"start":{"line":33,"column":25},"end":{"line":35,"column":3}},"7":{"start":{"line":34,"column":4},"end":{"line":34,"column":35}},"8":{"start":{"line":37,"column":2},"end":{"line":63,"column":4}},"9":{"start":{"line":56,"column":10},"end":{"line":56,"column":30}}},"fnMap":{"0":{"name":"(anonymous_0)","decl":{"start":{"line":21,"column":67},"end":{"line":21,"column":68}},"loc":{"start":{"line":25,"column":6},"end":{"line":64,"column":1}},"line":25},"1":{"name":"(anonymous_1)","decl":{"start":{"line":30,"column":26},"end":{"line":30,"column":27}},"loc":{"start":{"line":30,"column":32},"end":{"line":32,"column":3}},"line":30},"2":{"name":"(anonymous_2)","decl":{"start":{"line":33,"column":25},"end":{"line":33,"column":26}},"loc":{"start":{"line":33,"column":31},"end":{"line":35,"column":3}},"line":33},"3":{"name":"(anonymous_3)","decl":{"start":{"line":55,"column":17},"end":{"line":55,"column":18}},"loc":{"start":{"line":55,"column":24},"end":{"line":57,"column":9}},"line":55}},"branchMap":{"0":{"loc":{"start":{"line":39,"column":7},"end":{"line":43,"column":7}},"type":"cond-expr","locations":[{"start":{"line":40,"column":8},"end":{"line":40,"column":84}},{"start":{"line":42,"column":8},"end":{"line":42,"column":72}}],"line":39},"1":{"loc":{"start":{"line":50,"column":13},"end":{"line":50,"column":62}},"type":"cond-expr","locations":[{"start":{"line":50,"column":40},"end":{"line":50,"column":48}},{"start":{"line":50,"column":51},"end":{"line":50,"column":62}}],"line":50}},"s":{"0":0,"1":0,"2":0,"3":0,"4":0,"5":0,"6":0,"7":0,"8":0,"9":0},"f":{"0":0,"1":0,"2":0,"3":0},"b":{"0":[0,0],"1":[0,0]}}
,"D:\\Programming\\Test_Projects\\art-museum2\\src\\Components\\BodyTitleOther\\index.tsx": {"path":"D:\\Programming\\Test_Projects\\art-museum2\\src\\Components\\BodyTitleOther\\index.tsx","statementMap":{"0":{"start":{"line":5,"column":40},"end":{"line":14,"column":1}},"1":{"start":{"line":6,"column":2},"end":{"line":13,"column":4}}},"fnMap":{"0":{"name":"(anonymous_0)","decl":{"start":{"line":5,"column":40},"end":{"line":5,"column":41}},"loc":{"start":{"line":5,"column":46},"end":{"line":14,"column":1}},"line":5}},"branchMap":{},"s":{"0":0,"1":0},"f":{"0":0},"b":{}}
,"D:\\Programming\\Test_Projects\\art-museum2\\src\\Components\\DetailInfo\\index.tsx": {"path":"D:\\Programming\\Test_Projects\\art-museum2\\src\\Components\\DetailInfo\\index.tsx","statementMap":{"0":{"start":{"line":22,"column":47},"end":{"line":114,"column":1}},"1":{"start":{"line":26,"column":17},"end":{"line":26,"column":28}},"2":{"start":{"line":28,"column":32},"end":{"line":28,"column":59}},"3":{"start":{"line":29,"column":25},"end":{"line":29,"column":63}},"4":{"start":{"line":31,"column":21},"end":{"line":31,"column":75}},"5":{"start":{"line":32,"column":21},"end":{"line":32,"column":40}},"6":{"start":{"line":34,"column":2},"end":{"line":38,"column":23}},"7":{"start":{"line":35,"column":4},"end":{"line":37,"column":5}},"8":{"start":{"line":36,"column":6},"end":{"line":36,"column":33}},"9":{"start":{"line":40,"column":2},"end":{"line":42,"column":3}},"10":{"start":{"line":41,"column":4},"end":{"line":41,"column":23}},"11":{"start":{"line":54,"column":6},"end":{"line":54,"column":13}},"12":{"start":{"line":56,"column":25},"end":{"line":58,"column":3}},"13":{"start":{"line":57,"column":4},"end":{"line":57,"column":35}},"14":{"start":{"line":59,"column":27},"end":{"line":61,"column":3}},"15":{"start":{"line":60,"column":4},"end":{"line":60,"column":24}},"16":{"start":{"line":62,"column":2},"end":{"line":113,"column":4}}},"fnMap":{"0":{"name":"(anonymous_0)","decl":{"start":{"line":22,"column":47},"end":{"line":22,"column":48}},"loc":{"start":{"line":25,"column":6},"end":{"line":114,"column":1}},"line":25},"1":{"name":"(anonymous_1)","decl":{"start":{"line":34,"column":12},"end":{"line":34,"column":13}},"loc":{"start":{"line":34,"column":18},"end":{"line":38,"column":3}},"line":34},"2":{"name":"(anonymous_2)","decl":{"start":{"line":56,"column":25},"end":{"line":56,"column":26}},"loc":{"start":{"line":56,"column":31},"end":{"line":58,"column":3}},"line":56},"3":{"name":"(anonymous_3)","decl":{"start":{"line":59,"column":27},"end":{"line":59,"column":28}},"loc":{"start":{"line":59,"column":62},"end":{"line":61,"column":3}},"line":59}},"branchMap":{"0":{"loc":{"start":{"line":31,"column":38},"end":{"line":31,"column":61}},"type":"binary-expr","locations":[{"start":{"line":31,"column":38},"end":{"line":31,"column":55}},{"start":{"line":31,"column":59},"end":{"line":31,"column":61}}],"line":31},"1":{"loc":{"start":{"line":35,"column":4},"end":{"line":37,"column":5}},"type":"if","locations":[{"start":{"line":35,"column":4},"end":{"line":37,"column":5}},{"start":{},"end":{}}],"line":35},"2":{"loc":{"start":{"line":40,"column":2},"end":{"line":42,"column":3}},"type":"if","locations":[{"start":{"line":40,"column":2},"end":{"line":42,"column":3}},{"start":{},"end":{}}],"line":40},"3":{"loc":{"start":{"line":40,"column":6},"end":{"line":40,"column":21}},"type":"binary-expr","locations":[{"start":{"line":40,"column":6},"end":{"line":40,"column":9}},{"start":{"line":40,"column":13},"end":{"line":40,"column":21}}],"line":40},"4":{"loc":{"start":{"line":65,"column":9},"end":{"line":79,"column":9}},"type":"cond-expr","locations":[{"start":{"line":66,"column":10},"end":{"line":66,"column":83}},{"start":{"line":68,"column":10},"end":{"line":78,"column":16}}],"line":65},"5":{"loc":{"start":{"line":107,"column":20},"end":{"line":107,"column":61}},"type":"cond-expr","locations":[{"start":{"line":107,"column":39},"end":{"line":107,"column":47}},{"start":{"line":107,"column":50},"end":{"line":107,"column":61}}],"line":107}},"s":{"0":0,"1":0,"2":0,"3":0,"4":0,"5":0,"6":0,"7":0,"8":0,"9":0,"10":0,"11":0,"12":0,"13":0,"14":0,"15":0,"16":0},"f":{"0":0,"1":0,"2":0,"3":0},"b":{"0":[0,0],"1":[0,0],"2":[0,0],"3":[0,0],"4":[0,0],"5":[0,0]}}
,"D:\\Programming\\Test_Projects\\art-museum2\\src\\Components\\FavoritesIcon\\index.tsx": {"path":"D:\\Programming\\Test_Projects\\art-museum2\\src\\Components\\FavoritesIcon\\index.tsx","statementMap":{"0":{"start":{"line":4,"column":29},"end":{"line":22,"column":1}},"1":{"start":{"line":5,"column":2},"end":{"line":21,"column":4}}},"fnMap":{"0":{"name":"(anonymous_0)","decl":{"start":{"line":4,"column":29},"end":{"line":4,"column":30}},"loc":{"start":{"line":4,"column":69},"end":{"line":22,"column":1}},"line":4}},"branchMap":{"0":{"loc":{"start":{"line":8,"column":12},"end":{"line":8,"column":43}},"type":"cond-expr","locations":[{"start":{"line":8,"column":25},"end":{"line":8,"column":34}},{"start":{"line":8,"column":37},"end":{"line":8,"column":43}}],"line":8}},"s":{"0":0,"1":0},"f":{"0":0},"b":{"0":[0,0]}}
,"D:\\Programming\\Test_Projects\\art-museum2\\src\\Components\\Footer\\index.tsx": {"path":"D:\\Programming\\Test_Projects\\art-museum2\\src\\Components\\Footer\\index.tsx","statementMap":{"0":{"start":{"line":8,"column":32},"end":{"line":21,"column":1}},"1":{"start":{"line":9,"column":2},"end":{"line":20,"column":4}}},"fnMap":{"0":{"name":"(anonymous_0)","decl":{"start":{"line":8,"column":32},"end":{"line":8,"column":33}},"loc":{"start":{"line":8,"column":38},"end":{"line":21,"column":1}},"line":8}},"branchMap":{},"s":{"0":0,"1":0},"f":{"0":0},"b":{}}
,"D:\\Programming\\Test_Projects\\art-museum2\\src\\Components\\Header\\index.tsx": {"path":"D:\\Programming\\Test_Projects\\art-museum2\\src\\Components\\Header\\index.tsx","statementMap":{"0":{"start":{"line":14,"column":26},"end":{"line":73,"column":1}},"1":{"start":{"line":15,"column":28},"end":{"line":15,"column":43}},"2":{"start":{"line":17,"column":19},"end":{"line":17,"column":32}},"3":{"start":{"line":18,"column":19},"end":{"line":18,"column":32}},"4":{"start":{"line":20,"column":27},"end":{"line":22,"column":3}},"5":{"start":{"line":21,"column":4},"end":{"line":21,"column":29}},"6":{"start":{"line":21,"column":22},"end":{"line":21,"column":27}},"7":{"start":{"line":23,"column":25},"end":{"line":25,"column":3}},"8":{"start":{"line":24,"column":4},"end":{"line":24,"column":29}},"9":{"start":{"line":27,"column":26},"end":{"line":29,"column":3}},"10":{"start":{"line":28,"column":4},"end":{"line":28,"column":25}},"11":{"start":{"line":31,"column":17},"end":{"line":31,"column":41}},"12":{"start":{"line":32,"column":18},"end":{"line":32,"column":30}},"13":{"start":{"line":33,"column":2},"end":{"line":35,"column":5}},"14":{"start":{"line":34,"column":4},"end":{"line":34,"column":19}},"15":{"start":{"line":37,"column":2},"end":{"line":72,"column":4}}},"fnMap":{"0":{"name":"(anonymous_0)","decl":{"start":{"line":14,"column":26},"end":{"line":14,"column":27}},"loc":{"start":{"line":14,"column":32},"end":{"line":73,"column":1}},"line":14},"1":{"name":"(anonymous_1)","decl":{"start":{"line":20,"column":27},"end":{"line":20,"column":28}},"loc":{"start":{"line":20,"column":33},"end":{"line":22,"column":3}},"line":20},"2":{"name":"(anonymous_2)","decl":{"start":{"line":21,"column":12},"end":{"line":21,"column":13}},"loc":{"start":{"line":21,"column":22},"end":{"line":21,"column":27}},"line":21},"3":{"name":"(anonymous_3)","decl":{"start":{"line":23,"column":25},"end":{"line":23,"column":26}},"loc":{"start":{"line":23,"column":31},"end":{"line":25,"column":3}},"line":23},"4":{"name":"(anonymous_4)","decl":{"start":{"line":27,"column":26},"end":{"line":27,"column":27}},"loc":{"start":{"line":27,"column":32},"end":{"line":29,"column":3}},"line":27},"5":{"name":"(anonymous_5)","decl":{"start":{"line":33,"column":27},"end":{"line":33,"column":28}},"loc":{"start":{"line":33,"column":33},"end":{"line":35,"column":3}},"line":33}},"branchMap":{"0":{"loc":{"start":{"line":45,"column":44},"end":{"line":45,"column":66}},"type":"cond-expr","locations":[{"start":{"line":45,"column":53},"end":{"line":45,"column":61}},{"start":{"line":45,"column":64},"end":{"line":45,"column":66}}],"line":45},"1":{"loc":{"start":{"line":51,"column":13},"end":{"line":58,"column":13}},"type":"binary-expr","locations":[{"start":{"line":51,"column":13},"end":{"line":51,"column":20}},{"start":{"line":52,"column":14},"end":{"line":57,"column":20}}],"line":51}},"s":{"0":0,"1":0,"2":0,"3":0,"4":0,"5":0,"6":0,"7":0,"8":0,"9":0,"10":0,"11":0,"12":0,"13":0,"14":0,"15":0},"f":{"0":0,"1":0,"2":0,"3":0,"4":0,"5":0},"b":{"0":[0,0],"1":[0,0]}}
,"D:\\Programming\\Test_Projects\\art-museum2\\src\\Components\\OtherGallery\\index.tsx": {"path":"D:\\Programming\\Test_Projects\\art-museum2\\src\\Components\\OtherGallery\\index.tsx","statementMap":{"0":{"start":{"line":16,"column":51},"end":{"line":34,"column":1}},"1":{"start":{"line":21,"column":2},"end":{"line":33,"column":4}},"2":{"start":{"line":25,"column":10},"end":{"line":29,"column":12}}},"fnMap":{"0":{"name":"(anonymous_0)","decl":{"start":{"line":16,"column":51},"end":{"line":16,"column":52}},"loc":{"start":{"line":20,"column":6},"end":{"line":34,"column":1}},"line":20},"1":{"name":"(anonymous_1)","decl":{"start":{"line":24,"column":27},"end":{"line":24,"column":28}},"loc":{"start":{"line":25,"column":10},"end":{"line":29,"column":12}},"line":25}},"branchMap":{},"s":{"0":0,"1":0,"2":0},"f":{"0":0,"1":0},"b":{}}
,"D:\\Programming\\Test_Projects\\art-museum2\\src\\Components\\Pagination\\index.tsx": {"path":"D:\\Programming\\Test_Projects\\art-museum2\\src\\Components\\Pagination\\index.tsx","statementMap":{"0":{"start":{"line":10,"column":47},"end":{"line":72,"column":1}},"1":{"start":{"line":15,"column":26},"end":{"line":17,"column":3}},"2":{"start":{"line":16,"column":4},"end":{"line":16,"column":36}},"3":{"start":{"line":18,"column":26},"end":{"line":20,"column":3}},"4":{"start":{"line":19,"column":4},"end":{"line":19,"column":36}},"5":{"start":{"line":22,"column":26},"end":{"line":24,"column":3}},"6":{"start":{"line":23,"column":4},"end":{"line":23,"column":28}},"7":{"start":{"line":26,"column":2},"end":{"line":71,"column":4}},"8":{"start":{"line":47,"column":14},"end":{"line":53,"column":16}},"9":{"start":{"line":50,"column":33},"end":{"line":50,"column":60}}},"fnMap":{"0":{"name":"(anonymous_0)","decl":{"start":{"line":10,"column":47},"end":{"line":10,"column":48}},"loc":{"start":{"line":14,"column":6},"end":{"line":72,"column":1}},"line":14},"1":{"name":"(anonymous_1)","decl":{"start":{"line":15,"column":26},"end":{"line":15,"column":27}},"loc":{"start":{"line":15,"column":32},"end":{"line":17,"column":3}},"line":15},"2":{"name":"(anonymous_2)","decl":{"start":{"line":18,"column":26},"end":{"line":18,"column":27}},"loc":{"start":{"line":18,"column":32},"end":{"line":20,"column":3}},"line":18},"3":{"name":"(anonymous_3)","decl":{"start":{"line":22,"column":26},"end":{"line":22,"column":27}},"loc":{"start":{"line":22,"column":47},"end":{"line":24,"column":3}},"line":22},"4":{"name":"(anonymous_4)","decl":{"start":{"line":46,"column":19},"end":{"line":46,"column":20}},"loc":{"start":{"line":46,"column":35},"end":{"line":54,"column":13}},"line":46},"5":{"name":"(anonymous_5)","decl":{"start":{"line":50,"column":27},"end":{"line":50,"column":28}},"loc":{"start":{"line":50,"column":33},"end":{"line":50,"column":60}},"line":50}},"branchMap":{"0":{"loc":{"start":{"line":28,"column":7},"end":{"line":69,"column":7}},"type":"cond-expr","locations":[{"start":{"line":29,"column":8},"end":{"line":66,"column":14}},{"start":{"line":68,"column":8},"end":{"line":68,"column":13}}],"line":28},"1":{"loc":{"start":{"line":30,"column":11},"end":{"line":40,"column":11}},"type":"binary-expr","locations":[{"start":{"line":30,"column":11},"end":{"line":30,"column":31}},{"start":{"line":31,"column":12},"end":{"line":39,"column":21}}],"line":30},"2":{"loc":{"start":{"line":49,"column":49},"end":{"line":49,"column":91}},"type":"cond-expr","locations":[{"start":{"line":49,"column":77},"end":{"line":49,"column":86}},{"start":{"line":49,"column":89},"end":{"line":49,"column":91}}],"line":49}},"s":{"0":0,"1":0,"2":0,"3":0,"4":0,"5":0,"6":0,"7":0,"8":0,"9":0},"f":{"0":0,"1":0,"2":0,"3":0,"4":0,"5":0},"b":{"0":[0,0],"1":[0,0],"2":[0,0]}}
,"D:\\Programming\\Test_Projects\\art-museum2\\src\\Components\\SearchBar\\index.tsx": {"path":"D:\\Programming\\Test_Projects\\art-museum2\\src\\Components\\SearchBar\\index.tsx","statementMap":{"0":{"start":{"line":14,"column":45},"end":{"line":54,"column":1}},"1":{"start":{"line":15,"column":36},"end":{"line":15,"column":51}},"2":{"start":{"line":16,"column":38},"end":{"line":16,"column":50}},"3":{"start":{"line":18,"column":23},"end":{"line":27,"column":3}},"4":{"start":{"line":19,"column":18},"end":{"line":19,"column":36}},"5":{"start":{"line":20,"column":4},"end":{"line":20,"column":25}},"6":{"start":{"line":21,"column":4},"end":{"line":26,"column":5}},"7":{"start":{"line":22,"column":6},"end":{"line":22,"column":25}},"8":{"start":{"line":24,"column":6},"end":{"line":24,"column":26}},"9":{"start":{"line":25,"column":6},"end":{"line":25,"column":28}},"10":{"start":{"line":28,"column":31},"end":{"line":28,"column":65}},"11":{"start":{"line":29,"column":24},"end":{"line":33,"column":3}},"12":{"start":{"line":30,"column":4},"end":{"line":32,"column":5}},"13":{"start":{"line":31,"column":6},"end":{"line":31,"column":33}},"14":{"start":{"line":34,"column":2},"end":{"line":53,"column":4}}},"fnMap":{"0":{"name":"(anonymous_0)","decl":{"start":{"line":14,"column":45},"end":{"line":14,"column":46}},"loc":{"start":{"line":14,"column":69},"end":{"line":54,"column":1}},"line":14},"1":{"name":"(anonymous_1)","decl":{"start":{"line":18,"column":23},"end":{"line":18,"column":24}},"loc":{"start":{"line":18,"column":65},"end":{"line":27,"column":3}},"line":18},"2":{"name":"(anonymous_2)","decl":{"start":{"line":29,"column":24},"end":{"line":29,"column":25}},"loc":{"start":{"line":29,"column":74},"end":{"line":33,"column":3}},"line":29}},"branchMap":{"0":{"loc":{"start":{"line":21,"column":4},"end":{"line":26,"column":5}},"type":"if","locations":[{"start":{"line":21,"column":4},"end":{"line":26,"column":5}},{"start":{"line":23,"column":11},"end":{"line":26,"column":5}}],"line":21},"1":{"loc":{"start":{"line":30,"column":4},"end":{"line":32,"column":5}},"type":"if","locations":[{"start":{"line":30,"column":4},"end":{"line":32,"column":5}},{"start":{},"end":{}}],"line":30},"2":{"loc":{"start":{"line":50,"column":9},"end":{"line":50,"column":61}},"type":"binary-expr","locations":[{"start":{"line":50,"column":9},"end":{"line":50,"column":18}},{"start":{"line":50,"column":22},"end":{"line":50,"column":61}}],"line":50}},"s":{"0":0,"1":0,"2":0,"3":0,"4":0,"5":0,"6":0,"7":0,"8":0,"9":0,"10":0,"11":0,"12":0,"13":0,"14":0},"f":{"0":0,"1":0,"2":0},"b":{"0":[0,0],"1":[0,0],"2":[0,0]}}
,"D:\\Programming\\Test_Projects\\art-museum2\\src\\Components\\SectionTitle\\index.tsx": {"path":"D:\\Programming\\Test_Projects\\art-museum2\\src\\Components\\SectionTitle\\index.tsx","statementMap":{"0":{"start":{"line":10,"column":51},"end":{"line":16,"column":1}},"1":{"start":{"line":11,"column":2},"end":{"line":15,"column":4}}},"fnMap":{"0":{"name":"(anonymous_0)","decl":{"start":{"line":10,"column":51},"end":{"line":10,"column":52}},"loc":{"start":{"line":10,"column":77},"end":{"line":16,"column":1}},"line":10}},"branchMap":{"0":{"loc":{"start":{"line":12,"column":20},"end":{"line":12,"column":56}},"type":"cond-expr","locations":[{"start":{"line":12,"column":32},"end":{"line":12,"column":41}},{"start":{"line":12,"column":44},"end":{"line":12,"column":56}}],"line":12}},"s":{"0":0,"1":0},"f":{"0":0},"b":{"0":[0,0]}}
,"D:\\Programming\\Test_Projects\\art-museum2\\src\\Components\\Skeleton\\index.tsx": {"path":"D:\\Programming\\Test_Projects\\art-museum2\\src\\Components\\Skeleton\\index.tsx","statementMap":{"0":{"start":{"line":9,"column":55},"end":{"line":11,"column":1}},"1":{"start":{"line":10,"column":2},"end":{"line":10,"column":75}}},"fnMap":{"0":{"name":"(anonymous_0)","decl":{"start":{"line":9,"column":55},"end":{"line":9,"column":56}},"loc":{"start":{"line":9,"column":74},"end":{"line":11,"column":1}},"line":9}},"branchMap":{"0":{"loc":{"start":{"line":10,"column":25},"end":{"line":10,"column":66}},"type":"cond-expr","locations":[{"start":{"line":10,"column":37},"end":{"line":10,"column":46}},{"start":{"line":10,"column":49},"end":{"line":10,"column":66}}],"line":10}},"s":{"0":0,"1":0},"f":{"0":0},"b":{"0":[0,0]}}
,"D:\\Programming\\Test_Projects\\art-museum2\\src\\Components\\SortComponent\\index.tsx": {"path":"D:\\Programming\\Test_Projects\\art-museum2\\src\\Components\\SortComponent\\index.tsx","statementMap":{"0":{"start":{"line":14,"column":53},"end":{"line":31,"column":1}},"1":{"start":{"line":15,"column":34},"end":{"line":15,"column":63}},"2":{"start":{"line":17,"column":21},"end":{"line":21,"column":3}},"3":{"start":{"line":18,"column":23},"end":{"line":18,"column":63}},"4":{"start":{"line":19,"column":4},"end":{"line":19,"column":24}},"5":{"start":{"line":20,"column":4},"end":{"line":20,"column":26}},"6":{"start":{"line":22,"column":2},"end":{"line":30,"column":4}}},"fnMap":{"0":{"name":"(anonymous_0)","decl":{"start":{"line":14,"column":53},"end":{"line":14,"column":54}},"loc":{"start":{"line":14,"column":76},"end":{"line":31,"column":1}},"line":14},"1":{"name":"(anonymous_1)","decl":{"start":{"line":17,"column":21},"end":{"line":17,"column":22}},"loc":{"start":{"line":17,"column":45},"end":{"line":21,"column":3}},"line":17}},"branchMap":{"0":{"loc":{"start":{"line":24,"column":7},"end":{"line":28,"column":14}},"type":"cond-expr","locations":[{"start":{"line":25,"column":8},"end":{"line":27,"column":47}},{"start":{"line":28,"column":10},"end":{"line":28,"column":14}}],"line":24}},"s":{"0":0,"1":0,"2":0,"3":0,"4":0,"5":0,"6":0},"f":{"0":0,"1":0},"b":{"0":[0,0]}}
,"D:\\Programming\\Test_Projects\\art-museum2\\src\\Components\\SortComponent\\SelectField\\index.tsx": {"path":"D:\\Programming\\Test_Projects\\art-museum2\\src\\Components\\SortComponent\\SelectField\\index.tsx","statementMap":{"0":{"start":{"line":12,"column":49},"end":{"line":34,"column":1}},"1":{"start":{"line":16,"column":23},"end":{"line":18,"column":3}},"2":{"start":{"line":17,"column":4},"end":{"line":17,"column":47}},"3":{"start":{"line":20,"column":2},"end":{"line":33,"column":4}}},"fnMap":{"0":{"name":"(anonymous_0)","decl":{"start":{"line":12,"column":49},"end":{"line":12,"column":50}},"loc":{"start":{"line":15,"column":6},"end":{"line":34,"column":1}},"line":15},"1":{"name":"(anonymous_1)","decl":{"start":{"line":16,"column":23},"end":{"line":16,"column":24}},"loc":{"start":{"line":16,"column":66},"end":{"line":18,"column":3}},"line":16}},"branchMap":{},"s":{"0":0,"1":0,"2":0,"3":0},"f":{"0":0,"1":0},"b":{}}
,"D:\\Programming\\Test_Projects\\art-museum2\\src\\Components\\SpecialGallery\\index.tsx": {"path":"D:\\Programming\\Test_Projects\\art-museum2\\src\\Components\\SpecialGallery\\index.tsx","statementMap":{"0":{"start":{"line":16,"column":55},"end":{"line":46,"column":1}},"1":{"start":{"line":21,"column":2},"end":{"line":45,"column":4}},"2":{"start":{"line":34,"column":12},"end":{"line":38,"column":14}}},"fnMap":{"0":{"name":"(anonymous_0)","decl":{"start":{"line":16,"column":55},"end":{"line":16,"column":56}},"loc":{"start":{"line":20,"column":6},"end":{"line":46,"column":1}},"line":20},"1":{"name":"(anonymous_1)","decl":{"start":{"line":33,"column":24},"end":{"line":33,"column":25}},"loc":{"start":{"line":34,"column":12},"end":{"line":38,"column":14}},"line":34}},"branchMap":{"0":{"loc":{"start":{"line":31,"column":7},"end":{"line":43,"column":7}},"type":"cond-expr","locations":[{"start":{"line":32,"column":8},"end":{"line":40,"column":14}},{"start":{"line":42,"column":8},"end":{"line":42,"column":52}}],"line":31}},"s":{"0":0,"1":0,"2":0},"f":{"0":0,"1":0},"b":{"0":[0,0]}}
,"D:\\Programming\\Test_Projects\\art-museum2\\src\\Components\\Title\\index.tsx": {"path":"D:\\Programming\\Test_Projects\\art-museum2\\src\\Components\\Title\\index.tsx","statementMap":{"0":{"start":{"line":9,"column":41},"end":{"line":15,"column":1}},"1":{"start":{"line":10,"column":2},"end":{"line":14,"column":4}}},"fnMap":{"0":{"name":"(anonymous_0)","decl":{"start":{"line":9,"column":41},"end":{"line":9,"column":42}},"loc":{"start":{"line":9,"column":56},"end":{"line":15,"column":1}},"line":9}},"branchMap":{},"s":{"0":0,"1":0},"f":{"0":0},"b":{}}
,"D:\\Programming\\Test_Projects\\art-museum2\\src\\Pages\\detailInfo\\detailInfo.tsx": {"path":"D:\\Programming\\Test_Projects\\art-museum2\\src\\Pages\\detailInfo\\detailInfo.tsx","statementMap":{"0":{"start":{"line":11,"column":50},"end":{"line":11,"column":72}},"1":{"start":{"line":12,"column":17},"end":{"line":12,"column":44}},"2":{"start":{"line":14,"column":2},"end":{"line":16,"column":3}},"3":{"start":{"line":15,"column":4},"end":{"line":15,"column":54}},"4":{"start":{"line":18,"column":2},"end":{"line":28,"column":4}}},"fnMap":{"0":{"name":"DetailInfo","decl":{"start":{"line":10,"column":16},"end":{"line":10,"column":26}},"loc":{"start":{"line":10,"column":29},"end":{"line":29,"column":1}},"line":10}},"branchMap":{"0":{"loc":{"start":{"line":14,"column":2},"end":{"line":16,"column":3}},"type":"if","locations":[{"start":{"line":14,"column":2},"end":{"line":16,"column":3}},{"start":{},"end":{}}],"line":14}},"s":{"0":0,"1":0,"2":0,"3":0,"4":0},"f":{"0":0},"b":{"0":[0,0]}}
,"D:\\Programming\\Test_Projects\\art-museum2\\src\\Pages\\favorites\\favorites.tsx": {"path":"D:\\Programming\\Test_Projects\\art-museum2\\src\\Pages\\favorites\\favorites.tsx","statementMap":{"0":{"start":{"line":12,"column":50},"end":{"line":12,"column":72}},"1":{"start":{"line":13,"column":29},"end":{"line":13,"column":48}},"2":{"start":{"line":15,"column":2},"end":{"line":64,"column":4}},"3":{"start":{"line":54,"column":12},"end":{"line":58,"column":14}}},"fnMap":{"0":{"name":"FavoritesPage","decl":{"start":{"line":11,"column":16},"end":{"line":11,"column":29}},"loc":{"start":{"line":11,"column":32},"end":{"line":65,"column":1}},"line":11},"1":{"name":"(anonymous_1)","decl":{"start":{"line":53,"column":28},"end":{"line":53,"column":29}},"loc":{"start":{"line":54,"column":12},"end":{"line":58,"column":14}},"line":54}},"branchMap":{"0":{"loc":{"start":{"line":30,"column":9},"end":{"line":51,"column":9}},"type":"cond-expr","locations":[{"start":{"line":31,"column":10},"end":{"line":39,"column":12}},{"start":{"line":41,"column":10},"end":{"line":50,"column":16}}],"line":30}},"s":{"0":0,"1":0,"2":0,"3":0},"f":{"0":0,"1":0},"b":{"0":[0,0]}}
,"D:\\Programming\\Test_Projects\\art-museum2\\src\\Pages\\homePage\\homePage.tsx": {"path":"D:\\Programming\\Test_Projects\\art-museum2\\src\\Pages\\homePage\\homePage.tsx","statementMap":{"0":{"start":{"line":21,"column":40},"end":{"line":21,"column":52}},"1":{"start":{"line":22,"column":51},"end":{"line":22,"column":72}},"2":{"start":{"line":23,"column":48},"end":{"line":26,"column":4}},"3":{"start":{"line":27,"column":28},"end":{"line":27,"column":49}},"4":{"start":{"line":28,"column":50},"end":{"line":28,"column":72}},"5":{"start":{"line":30,"column":2},"end":{"line":30,"column":37}},"6":{"start":{"line":32,"column":2},"end":{"line":66,"column":4}}},"fnMap":{"0":{"name":"HomePage","decl":{"start":{"line":20,"column":16},"end":{"line":20,"column":24}},"loc":{"start":{"line":20,"column":27},"end":{"line":67,"column":1}},"line":20}},"branchMap":{},"s":{"0":0,"1":0,"2":0,"3":0,"4":0,"5":0,"6":0},"f":{"0":0},"b":{}}
,"D:\\Programming\\Test_Projects\\art-museum2\\src\\Pages\\notFound\\notFound.tsx": {"path":"D:\\Programming\\Test_Projects\\art-museum2\\src\\Pages\\notFound\\notFound.tsx","statementMap":{"0":{"start":{"line":6,"column":2},"end":{"line":20,"column":4}}},"fnMap":{"0":{"name":"NotFound","decl":{"start":{"line":5,"column":16},"end":{"line":5,"column":24}},"loc":{"start":{"line":5,"column":27},"end":{"line":21,"column":1}},"line":5}},"branchMap":{},"s":{"0":0},"f":{"0":0},"b":{}}
,"D:\\Programming\\Test_Projects\\art-museum2\\src\\constants\\api.ts": {"path":"D:\\Programming\\Test_Projects\\art-museum2\\src\\constants\\api.ts","statementMap":{"0":{"start":{"line":1,"column":33},"end":{"line":1,"column":72}},"1":{"start":{"line":3,"column":39},"end":{"line":4,"column":48}},"2":{"start":{"line":4,"column":2},"end":{"line":4,"column":48}},"3":{"start":{"line":6,"column":30},"end":{"line":7,"column":62}},"4":{"start":{"line":7,"column":2},"end":{"line":7,"column":62}},"5":{"start":{"line":9,"column":31},"end":{"line":10,"column":73}},"6":{"start":{"line":10,"column":2},"end":{"line":10,"column":73}},"7":{"start":{"line":12,"column":29},"end":{"line":12,"column":44}},"8":{"start":{"line":14,"column":23},"end":{"line":14,"column":27}},"9":{"start":{"line":17,"column":2},"end":{"line":17,"column":150}},"10":{"start":{"line":19,"column":35},"end":{"line":19,"column":36}},"11":{"start":{"line":21,"column":36},"end":{"line":21,"column":37}}},"fnMap":{"0":{"name":"(anonymous_0)","decl":{"start":{"line":3,"column":39},"end":{"line":3,"column":40}},"loc":{"start":{"line":4,"column":2},"end":{"line":4,"column":48}},"line":4},"1":{"name":"(anonymous_1)","decl":{"start":{"line":6,"column":30},"end":{"line":6,"column":31}},"loc":{"start":{"line":7,"column":2},"end":{"line":7,"column":62}},"line":7},"2":{"name":"(anonymous_2)","decl":{"start":{"line":9,"column":31},"end":{"line":9,"column":32}},"loc":{"start":{"line":10,"column":2},"end":{"line":10,"column":73}},"line":10}},"branchMap":{},"s":{"0":1,"1":1,"2":1,"3":1,"4":0,"5":1,"6":1,"7":1,"8":1,"9":1,"10":1,"11":1},"f":{"0":1,"1":0,"2":1},"b":{},"_coverageSchema":"1a1c01bbd47fc00a2c39e90264f33305004495a9","hash":"3c31c55dc6daa1c942e55fc30d4a81d5f5480587"}
,"D:\\Programming\\Test_Projects\\art-museum2\\src\\utils\\apiApp.tsx": {"path":"D:\\Programming\\Test_Projects\\art-museum2\\src\\utils\\apiApp.tsx","statementMap":{"0":{"start":{"line":14,"column":38},"end":{"line":30,"column":1}},"1":{"start":{"line":18,"column":19},"end":{"line":27,"column":6}},"2":{"start":{"line":26,"column":6},"end":{"line":26,"column":18}},"3":{"start":{"line":29,"column":2},"end":{"line":29,"column":58}},"4":{"start":{"line":32,"column":39},"end":{"line":46,"column":1}},"5":{"start":{"line":35,"column":19},"end":{"line":43,"column":6}},"6":{"start":{"line":42,"column":6},"end":{"line":42,"column":23}},"7":{"start":{"line":45,"column":2},"end":{"line":45,"column":14}},"8":{"start":{"line":49,"column":2},"end":{"line":61,"column":3}},"9":{"start":{"line":50,"column":21},"end":{"line":58,"column":8}},"10":{"start":{"line":57,"column":8},"end":{"line":57,"column":20}},"11":{"start":{"line":60,"column":4},"end":{"line":60,"column":60}}},"fnMap":{"0":{"name":"(anonymous_0)","decl":{"start":{"line":14,"column":38},"end":{"line":14,"column":39}},"loc":{"start":{"line":17,"column":33},"end":{"line":30,"column":1}},"line":17},"1":{"name":"(anonymous_1)","decl":{"start":{"line":25,"column":10},"end":{"line":25,"column":11}},"loc":{"start":{"line":25,"column":26},"end":{"line":27,"column":5}},"line":25},"2":{"name":"(anonymous_2)","decl":{"start":{"line":32,"column":39},"end":{"line":32,"column":40}},"loc":{"start":{"line":34,"column":23},"end":{"line":46,"column":1}},"line":34},"3":{"name":"(anonymous_3)","decl":{"start":{"line":41,"column":10},"end":{"line":41,"column":11}},"loc":{"start":{"line":41,"column":26},"end":{"line":43,"column":5}},"line":41},"4":{"name":"(anonymous_4)","decl":{"start":{"line":49,"column":2},"end":{"line":49,"column":3}},"loc":{"start":{"line":49,"column":42},"end":{"line":61,"column":3}},"line":49},"5":{"name":"(anonymous_5)","decl":{"start":{"line":56,"column":12},"end":{"line":56,"column":13}},"loc":{"start":{"line":56,"column":28},"end":{"line":58,"column":7}},"line":56}},"branchMap":{},"s":{"0":1,"1":1,"2":1,"3":1,"4":1,"5":1,"6":1,"7":1,"8":1,"9":1,"10":1,"11":1},"f":{"0":1,"1":1,"2":1,"3":1,"4":1,"5":1},"b":{},"_coverageSchema":"1a1c01bbd47fc00a2c39e90264f33305004495a9","hash":"14825525291a652a9e57da8451a351b6896710c6"}
,"D:\\Programming\\Test_Projects\\art-museum2\\src\\utils\\checkFavorites.tsx": {"path":"D:\\Programming\\Test_Projects\\art-museum2\\src\\utils\\checkFavorites.tsx","statementMap":{"0":{"start":{"line":3,"column":30},"end":{"line":5,"column":1}},"1":{"start":{"line":4,"column":2},"end":{"line":4,"column":61}},"2":{"start":{"line":4,"column":37},"end":{"line":4,"column":59}}},"fnMap":{"0":{"name":"(anonymous_0)","decl":{"start":{"line":3,"column":30},"end":{"line":3,"column":31}},"loc":{"start":{"line":3,"column":77},"end":{"line":5,"column":1}},"line":3},"1":{"name":"(anonymous_1)","decl":{"start":{"line":4,"column":27},"end":{"line":4,"column":28}},"loc":{"start":{"line":4,"column":37},"end":{"line":4,"column":59}},"line":4}},"branchMap":{},"s":{"0":1,"1":3,"2":3},"f":{"0":3,"1":3},"b":{},"_coverageSchema":"1a1c01bbd47fc00a2c39e90264f33305004495a9","hash":"09b89b4ad67fca5dde273698791ced2daf033d48"}
,"D:\\Programming\\Test_Projects\\art-museum2\\src\\utils\\checkFavoritesDetailInfo.tsx": {"path":"D:\\Programming\\Test_Projects\\art-museum2\\src\\utils\\checkFavoritesDetailInfo.tsx","statementMap":{"0":{"start":{"line":3,"column":40},"end":{"line":8,"column":1}},"1":{"start":{"line":7,"column":2},"end":{"line":7,"column":67}},"2":{"start":{"line":7,"column":37},"end":{"line":7,"column":65}}},"fnMap":{"0":{"name":"(anonymous_0)","decl":{"start":{"line":3,"column":40},"end":{"line":3,"column":41}},"loc":{"start":{"line":6,"column":14},"end":{"line":8,"column":1}},"line":6},"1":{"name":"(anonymous_1)","decl":{"start":{"line":7,"column":24},"end":{"line":7,"column":25}},"loc":{"start":{"line":7,"column":37},"end":{"line":7,"column":65}},"line":7}},"branchMap":{},"s":{"0":1,"1":4,"2":5},"f":{"0":4,"1":5},"b":{},"_coverageSchema":"1a1c01bbd47fc00a2c39e90264f33305004495a9","hash":"8939f438b614b8bc1d6a35bcdfa0b611b0607fcb"}
,"D:\\Programming\\Test_Projects\\art-museum2\\src\\utils\\getPaginationNumbers.tsx": {"path":"D:\\Programming\\Test_Projects\\art-museum2\\src\\utils\\getPaginationNumbers.tsx","statementMap":{"0":{"start":{"line":3,"column":36},"end":{"line":18,"column":1}},"1":{"start":{"line":7,"column":14},"end":{"line":7,"column":58}},"2":{"start":{"line":8,"column":14},"end":{"line":8,"column":47}},"3":{"start":{"line":10,"column":2},"end":{"line":12,"column":3}},"4":{"start":{"line":11,"column":4},"end":{"line":11,"column":37}},"5":{"start":{"line":13,"column":16},"end":{"line":13,"column":18}},"6":{"start":{"line":14,"column":2},"end":{"line":16,"column":3}},"7":{"start":{"line":14,"column":15},"end":{"line":14,"column":20}},"8":{"start":{"line":15,"column":4},"end":{"line":15,"column":18}},"9":{"start":{"line":17,"column":2},"end":{"line":17,"column":15}}},"fnMap":{"0":{"name":"(anonymous_0)","decl":{"start":{"line":3,"column":36},"end":{"line":3,"column":37}},"loc":{"start":{"line":6,"column":23},"end":{"line":18,"column":1}},"line":6}},"branchMap":{"0":{"loc":{"start":{"line":10,"column":2},"end":{"line":12,"column":3}},"type":"if","locations":[{"start":{"line":10,"column":2},"end":{"line":12,"column":3}},{"start":{},"end":{}}],"line":10}},"s":{"0":1,"1":5,"2":5,"3":5,"4":3,"5":5,"6":5,"7":5,"8":16,"9":5},"f":{"0":5},"b":{"0":[3,2]},"_coverageSchema":"1a1c01bbd47fc00a2c39e90264f33305004495a9","hash":"692afd55c0b4b86437483bf86f73086d1bddb45b"}
,"D:\\Programming\\Test_Projects\\art-museum2\\src\\utils\\sortUtil.tsx": {"path":"D:\\Programming\\Test_Projects\\art-museum2\\src\\utils\\sortUtil.tsx","statementMap":{"0":{"start":{"line":8,"column":30},"end":{"line":41,"column":1}},"1":{"start":{"line":9,"column":2},"end":{"line":40,"column":3}},"2":{"start":{"line":11,"column":25},"end":{"line":13,"column":8}},"3":{"start":{"line":12,"column":8},"end":{"line":12,"column":46}},"4":{"start":{"line":14,"column":6},"end":{"line":14,"column":24}},"5":{"start":{"line":18,"column":25},"end":{"line":20,"column":8}},"6":{"start":{"line":19,"column":8},"end":{"line":19,"column":46}},"7":{"start":{"line":21,"column":6},"end":{"line":21,"column":24}},"8":{"start":{"line":25,"column":25},"end":{"line":27,"column":8}},"9":{"start":{"line":26,"column":8},"end":{"line":26,"column":79}},"10":{"start":{"line":28,"column":6},"end":{"line":28,"column":24}},"11":{"start":{"line":31,"column":25},"end":{"line":33,"column":8}},"12":{"start":{"line":32,"column":8},"end":{"line":32,"column":79}},"13":{"start":{"line":34,"column":6},"end":{"line":34,"column":24}},"14":{"start":{"line":38,"column":6},"end":{"line":38,"column":18}}},"fnMap":{"0":{"name":"(anonymous_0)","decl":{"start":{"line":8,"column":30},"end":{"line":8,"column":31}},"loc":{"start":{"line":8,"column":71},"end":{"line":41,"column":1}},"line":8},"1":{"name":"(anonymous_1)","decl":{"start":{"line":11,"column":40},"end":{"line":11,"column":41}},"loc":{"start":{"line":11,"column":50},"end":{"line":13,"column":7}},"line":11},"2":{"name":"(anonymous_2)","decl":{"start":{"line":18,"column":40},"end":{"line":18,"column":41}},"loc":{"start":{"line":18,"column":50},"end":{"line":20,"column":7}},"line":18},"3":{"name":"(anonymous_3)","decl":{"start":{"line":25,"column":40},"end":{"line":25,"column":41}},"loc":{"start":{"line":25,"column":50},"end":{"line":27,"column":7}},"line":25},"4":{"name":"(anonymous_4)","decl":{"start":{"line":31,"column":40},"end":{"line":31,"column":41}},"loc":{"start":{"line":31,"column":50},"end":{"line":33,"column":7}},"line":31}},"branchMap":{"0":{"loc":{"start":{"line":9,"column":2},"end":{"line":40,"column":3}},"type":"switch","locations":[{"start":{"line":10,"column":4},"end":{"line":15,"column":5}},{"start":{"line":17,"column":4},"end":{"line":22,"column":5}},{"start":{"line":24,"column":4},"end":{"line":29,"column":5}},{"start":{"line":30,"column":4},"end":{"line":35,"column":5}},{"start":{"line":37,"column":4},"end":{"line":39,"column":5}}],"line":9}},"s":{"0":1,"1":5,"2":1,"3":4,"4":1,"5":1,"6":4,"7":1,"8":1,"9":4,"10":1,"11":1,"12":4,"13":1,"14":1},"f":{"0":5,"1":4,"2":4,"3":4,"4":4},"b":{"0":[1,1,1,1,1]},"_coverageSchema":"1a1c01bbd47fc00a2c39e90264f33305004495a9","hash":"a9560f50bdc8c09fb4fe1c14852fc81088dcd06c"}
,"D:\\Programming\\Test_Projects\\art-museum2\\src\\utils\\types.ts": {"path":"D:\\Programming\\Test_Projects\\art-museum2\\src\\utils\\types.ts","statementMap":{},"fnMap":{},"branchMap":{},"s":{},"f":{},"b":{}}
,"D:\\Programming\\Test_Projects\\art-museum2\\src\\utils\\validation.tsx": {"path":"D:\\Programming\\Test_Projects\\art-museum2\\src\\utils\\validation.tsx","statementMap":{"0":{"start":{"line":1,"column":29},"end":{"line":4,"column":1}},"1":{"start":{"line":2,"column":26},"end":{"line":2,"column":43}},"2":{"start":{"line":3,"column":2},"end":{"line":3,"column":36}}},"fnMap":{"0":{"name":"(anonymous_0)","decl":{"start":{"line":1,"column":29},"end":{"line":1,"column":30}},"loc":{"start":{"line":1,"column":47},"end":{"line":4,"column":1}},"line":1}},"branchMap":{},"s":{"0":1,"1":7,"2":7},"f":{"0":7},"b":{},"_coverageSchema":"1a1c01bbd47fc00a2c39e90264f33305004495a9","hash":"17dc762f92c6fd9fe3eac1f933dcdb1946172a7e"}
,"D:\\Programming\\Test_Projects\\art-museum2\\src\\utils\\hooks\\useAxiosArtWorks.ts": {"path":"D:\\Programming\\Test_Projects\\art-museum2\\src\\utils\\hooks\\useAxiosArtWorks.ts","statementMap":{"0":{"start":{"line":8,"column":35},"end":{"line":50,"column":1}},"1":{"start":{"line":12,"column":48},"end":{"line":12,"column":79}},"2":{"start":{"line":13,"column":40},"end":{"line":13,"column":51}},"3":{"start":{"line":14,"column":38},"end":{"line":14,"column":49}},"4":{"start":{"line":16,"column":2},"end":{"line":42,"column":34}},"5":{"start":{"line":18,"column":6},"end":{"line":38,"column":7}},"6":{"start":{"line":19,"column":37},"end":{"line":22,"column":9}},"7":{"start":{"line":23,"column":32},"end":{"line":31,"column":9}},"8":{"start":{"line":25,"column":28},"end":{"line":25,"column":61}},"9":{"start":{"line":26,"column":12},"end":{"line":29,"column":14}},"10":{"start":{"line":33,"column":8},"end":{"line":33,"column":44}},"11":{"start":{"line":34,"column":8},"end":{"line":34,"column":48}},"12":{"start":{"line":35,"column":8},"end":{"line":35,"column":46}},"13":{"start":{"line":37,"column":8},"end":{"line":37,"column":39}},"14":{"start":{"line":41,"column":4},"end":{"line":41,"column":23}},"15":{"start":{"line":44,"column":2},"end":{"line":49,"column":4}}},"fnMap":{"0":{"name":"(anonymous_0)","decl":{"start":{"line":8,"column":35},"end":{"line":8,"column":36}},"loc":{"start":{"line":11,"column":32},"end":{"line":50,"column":1}},"line":11},"1":{"name":"(anonymous_1)","decl":{"start":{"line":16,"column":12},"end":{"line":16,"column":13}},"loc":{"start":{"line":16,"column":18},"end":{"line":42,"column":3}},"line":16},"2":{"name":"getArtWorks","decl":{"start":{"line":17,"column":19},"end":{"line":17,"column":30}},"loc":{"start":{"line":17,"column":33},"end":{"line":39,"column":5}},"line":17},"3":{"name":"(anonymous_3)","decl":{"start":{"line":24,"column":19},"end":{"line":24,"column":20}},"loc":{"start":{"line":24,"column":37},"end":{"line":30,"column":11}},"line":24}},"branchMap":{},"s":{"0":0,"1":0,"2":0,"3":0,"4":0,"5":0,"6":0,"7":0,"8":0,"9":0,"10":0,"11":0,"12":0,"13":0,"14":0,"15":0},"f":{"0":0,"1":0,"2":0,"3":0},"b":{}}
,"D:\\Programming\\Test_Projects\\art-museum2\\src\\utils\\hooks\\useClickOutside.ts": {"path":"D:\\Programming\\Test_Projects\\art-museum2\\src\\utils\\hooks\\useClickOutside.ts","statementMap":{"0":{"start":{"line":4,"column":31},"end":{"line":21,"column":1}},"1":{"start":{"line":8,"column":22},"end":{"line":12,"column":3}},"2":{"start":{"line":9,"column":4},"end":{"line":11,"column":5}},"3":{"start":{"line":10,"column":6},"end":{"line":10,"column":17}},"4":{"start":{"line":14,"column":2},"end":{"line":20,"column":5}},"5":{"start":{"line":15,"column":4},"end":{"line":15,"column":56}},"6":{"start":{"line":17,"column":4},"end":{"line":19,"column":6}},"7":{"start":{"line":18,"column":6},"end":{"line":18,"column":61}}},"fnMap":{"0":{"name":"(anonymous_0)","decl":{"start":{"line":4,"column":31},"end":{"line":4,"column":32}},"loc":{"start":{"line":7,"column":5},"end":{"line":21,"column":1}},"line":7},"1":{"name":"(anonymous_1)","decl":{"start":{"line":8,"column":22},"end":{"line":8,"column":23}},"loc":{"start":{"line":8,"column":41},"end":{"line":12,"column":3}},"line":8},"2":{"name":"(anonymous_2)","decl":{"start":{"line":14,"column":12},"end":{"line":14,"column":13}},"loc":{"start":{"line":14,"column":18},"end":{"line":20,"column":3}},"line":14},"3":{"name":"(anonymous_3)","decl":{"start":{"line":17,"column":11},"end":{"line":17,"column":12}},"loc":{"start":{"line":17,"column":17},"end":{"line":19,"column":5}},"line":17}},"branchMap":{"0":{"loc":{"start":{"line":9,"column":4},"end":{"line":11,"column":5}},"type":"if","locations":[{"start":{"line":9,"column":4},"end":{"line":11,"column":5}},{"start":{},"end":{}}],"line":9},"1":{"loc":{"start":{"line":9,"column":8},"end":{"line":9,"column":70}},"type":"binary-expr","locations":[{"start":{"line":9,"column":8},"end":{"line":9,"column":23}},{"start":{"line":9,"column":27},"end":{"line":9,"column":70}}],"line":9}},"s":{"0":0,"1":0,"2":0,"3":0,"4":0,"5":0,"6":0,"7":0},"f":{"0":0,"1":0,"2":0,"3":0},"b":{"0":[0,0],"1":[0,0]}}
,"D:\\Programming\\Test_Projects\\art-museum2\\src\\utils\\hooks\\useDebounce.ts": {"path":"D:\\Programming\\Test_Projects\\art-museum2\\src\\utils\\hooks\\useDebounce.ts","statementMap":{"0":{"start":{"line":9,"column":25},"end":{"line":9,"column":61}},"1":{"start":{"line":11,"column":2},"end":{"line":17,"column":9}},"2":{"start":{"line":12,"column":4},"end":{"line":16,"column":6}},"3":{"start":{"line":13,"column":6},"end":{"line":15,"column":7}},"4":{"start":{"line":14,"column":8},"end":{"line":14,"column":45}},"5":{"start":{"line":19,"column":27},"end":{"line":27,"column":3}},"6":{"start":{"line":20,"column":4},"end":{"line":22,"column":5}},"7":{"start":{"line":21,"column":6},"end":{"line":21,"column":43}},"8":{"start":{"line":24,"column":4},"end":{"line":26,"column":14}},"9":{"start":{"line":25,"column":6},"end":{"line":25,"column":20}},"10":{"start":{"line":29,"column":2},"end":{"line":29,"column":26}}},"fnMap":{"0":{"name":"useDebounce","decl":{"start":{"line":5,"column":16},"end":{"line":5,"column":27}},"loc":{"start":{"line":8,"column":24},"end":{"line":30,"column":1}},"line":8},"1":{"name":"(anonymous_1)","decl":{"start":{"line":11,"column":12},"end":{"line":11,"column":13}},"loc":{"start":{"line":11,"column":18},"end":{"line":17,"column":3}},"line":11},"2":{"name":"(anonymous_2)","decl":{"start":{"line":12,"column":11},"end":{"line":12,"column":12}},"loc":{"start":{"line":12,"column":17},"end":{"line":16,"column":5}},"line":12},"3":{"name":"(anonymous_3)","decl":{"start":{"line":19,"column":27},"end":{"line":19,"column":28}},"loc":{"start":{"line":19,"column":49},"end":{"line":27,"column":3}},"line":19},"4":{"name":"(anonymous_4)","decl":{"start":{"line":24,"column":40},"end":{"line":24,"column":41}},"loc":{"start":{"line":24,"column":46},"end":{"line":26,"column":5}},"line":24}},"branchMap":{"0":{"loc":{"start":{"line":13,"column":6},"end":{"line":15,"column":7}},"type":"if","locations":[{"start":{"line":13,"column":6},"end":{"line":15,"column":7}},{"start":{},"end":{}}],"line":13},"1":{"loc":{"start":{"line":20,"column":4},"end":{"line":22,"column":5}},"type":"if","locations":[{"start":{"line":20,"column":4},"end":{"line":22,"column":5}},{"start":{},"end":{}}],"line":20}},"s":{"0":0,"1":0,"2":0,"3":0,"4":0,"5":0,"6":0,"7":0,"8":0,"9":0,"10":0},"f":{"0":0,"1":0,"2":0,"3":0,"4":0},"b":{"0":[0,0],"1":[0,0]}}
,"D:\\Programming\\Test_Projects\\art-museum2\\src\\utils\\hooks\\useGetDetailInfo.ts": {"path":"D:\\Programming\\Test_Projects\\art-museum2\\src\\utils\\hooks\\useGetDetailInfo.ts","statementMap":{"0":{"start":{"line":8,"column":34},"end":{"line":31,"column":1}},"1":{"start":{"line":12,"column":26},"end":{"line":12,"column":53}},"2":{"start":{"line":14,"column":2},"end":{"line":28,"column":11}},"3":{"start":{"line":16,"column":22},"end":{"line":16,"column":55}},"4":{"start":{"line":18,"column":23},"end":{"line":21,"column":7}},"5":{"start":{"line":23,"column":6},"end":{"line":23,"column":24}},"6":{"start":{"line":24,"column":6},"end":{"line":24,"column":28}},"7":{"start":{"line":27,"column":4},"end":{"line":27,"column":21}},"8":{"start":{"line":29,"column":2},"end":{"line":29,"column":20}},"9":{"start":{"line":30,"column":2},"end":{"line":30,"column":14}}},"fnMap":{"0":{"name":"(anonymous_0)","decl":{"start":{"line":8,"column":34},"end":{"line":8,"column":35}},"loc":{"start":{"line":10,"column":60},"end":{"line":31,"column":1}},"line":10},"1":{"name":"(anonymous_1)","decl":{"start":{"line":14,"column":12},"end":{"line":14,"column":13}},"loc":{"start":{"line":14,"column":18},"end":{"line":28,"column":3}},"line":14},"2":{"name":"getInfo","decl":{"start":{"line":15,"column":19},"end":{"line":15,"column":26}},"loc":{"start":{"line":15,"column":39},"end":{"line":25,"column":5}},"line":15}},"branchMap":{},"s":{"0":0,"1":0,"2":0,"3":0,"4":0,"5":0,"6":0,"7":0,"8":0,"9":0},"f":{"0":0,"1":0,"2":0},"b":{}}
,"D:\\Programming\\Test_Projects\\art-museum2\\src\\utils\\hooks\\useGetOtherArtWorks.ts": {"path":"D:\\Programming\\Test_Projects\\art-museum2\\src\\utils\\hooks\\useGetOtherArtWorks.ts","statementMap":{"0":{"start":{"line":8,"column":35},"end":{"line":31,"column":1}},"1":{"start":{"line":9,"column":26},"end":{"line":9,"column":43}},"2":{"start":{"line":11,"column":2},"end":{"line":28,"column":9}},"3":{"start":{"line":13,"column":23},"end":{"line":13,"column":55}},"4":{"start":{"line":14,"column":30},"end":{"line":23,"column":7}},"5":{"start":{"line":16,"column":26},"end":{"line":16,"column":59}},"6":{"start":{"line":18,"column":10},"end":{"line":21,"column":12}},"7":{"start":{"line":24,"column":6},"end":{"line":24,"column":31}},"8":{"start":{"line":27,"column":4},"end":{"line":27,"column":23}},"9":{"start":{"line":30,"column":2},"end":{"line":30,"column":33}}},"fnMap":{"0":{"name":"(anonymous_0)","decl":{"start":{"line":8,"column":35},"end":{"line":8,"column":36}},"loc":{"start":{"line":8,"column":41},"end":{"line":31,"column":1}},"line":8},"1":{"name":"(anonymous_1)","decl":{"start":{"line":11,"column":12},"end":{"line":11,"column":13}},"loc":{"start":{"line":11,"column":18},"end":{"line":28,"column":3}},"line":11},"2":{"name":"getArtWorks","decl":{"start":{"line":12,"column":19},"end":{"line":12,"column":30}},"loc":{"start":{"line":12,"column":33},"end":{"line":25,"column":5}},"line":12},"3":{"name":"(anonymous_3)","decl":{"start":{"line":15,"column":26},"end":{"line":15,"column":27}},"loc":{"start":{"line":15,"column":44},"end":{"line":22,"column":9}},"line":15}},"branchMap":{},"s":{"0":0,"1":0,"2":0,"3":0,"4":0,"5":0,"6":0,"7":0,"8":0,"9":0},"f":{"0":0,"1":0,"2":0,"3":0},"b":{}}
,"D:\\Programming\\Test_Projects\\art-museum2\\src\\utils\\hooks\\useHandleFavIdChange.ts": {"path":"D:\\Programming\\Test_Projects\\art-museum2\\src\\utils\\hooks\\useHandleFavIdChange.ts","statementMap":{"0":{"start":{"line":6,"column":36},"end":{"line":36,"column":1}},"1":{"start":{"line":7,"column":42},"end":{"line":7,"column":73}},"2":{"start":{"line":10,"column":32},"end":{"line":10,"column":49}},"3":{"start":{"line":11,"column":33},"end":{"line":13,"column":5}},"4":{"start":{"line":12,"column":16},"end":{"line":12,"column":38}},"5":{"start":{"line":14,"column":4},"end":{"line":24,"column":5}},"6":{"start":{"line":18,"column":6},"end":{"line":20,"column":9}},"7":{"start":{"line":19,"column":8},"end":{"line":19,"column":34}},"8":{"start":{"line":21,"column":6},"end":{"line":21,"column":41}},"9":{"start":{"line":23,"column":6},"end":{"line":23,"column":44}},"10":{"start":{"line":25,"column":4},"end":{"line":25,"column":80}},"11":{"start":{"line":28,"column":2},"end":{"line":33,"column":9}},"12":{"start":{"line":29,"column":32},"end":{"line":29,"column":69}},"13":{"start":{"line":30,"column":4},"end":{"line":32,"column":5}},"14":{"start":{"line":31,"column":6},"end":{"line":31,"column":55}},"15":{"start":{"line":35,"column":2},"end":{"line":35,"column":49}}},"fnMap":{"0":{"name":"(anonymous_0)","decl":{"start":{"line":6,"column":36},"end":{"line":6,"column":37}},"loc":{"start":{"line":6,"column":42},"end":{"line":36,"column":1}},"line":6},"1":{"name":"handleFavoritesChange","decl":{"start":{"line":9,"column":11},"end":{"line":9,"column":32}},"loc":{"start":{"line":9,"column":59},"end":{"line":26,"column":3}},"line":9},"2":{"name":"(anonymous_2)","decl":{"start":{"line":12,"column":6},"end":{"line":12,"column":7}},"loc":{"start":{"line":12,"column":16},"end":{"line":12,"column":38}},"line":12},"3":{"name":"(anonymous_3)","decl":{"start":{"line":18,"column":22},"end":{"line":18,"column":23}},"loc":{"start":{"line":18,"column":32},"end":{"line":20,"column":7}},"line":18},"4":{"name":"(anonymous_4)","decl":{"start":{"line":28,"column":12},"end":{"line":28,"column":13}},"loc":{"start":{"line":28,"column":18},"end":{"line":33,"column":3}},"line":28}},"branchMap":{"0":{"loc":{"start":{"line":14,"column":4},"end":{"line":24,"column":5}},"type":"if","locations":[{"start":{"line":14,"column":4},"end":{"line":24,"column":5}},{"start":{"line":22,"column":11},"end":{"line":24,"column":5}}],"line":14},"1":{"loc":{"start":{"line":15,"column":6},"end":{"line":16,"column":63}},"type":"binary-expr","locations":[{"start":{"line":15,"column":6},"end":{"line":15,"column":37}},{"start":{"line":16,"column":6},"end":{"line":16,"column":63}}],"line":15},"2":{"loc":{"start":{"line":30,"column":4},"end":{"line":32,"column":5}},"type":"if","locations":[{"start":{"line":30,"column":4},"end":{"line":32,"column":5}},{"start":{},"end":{}}],"line":30}},"s":{"0":0,"1":0,"2":0,"3":0,"4":0,"5":0,"6":0,"7":0,"8":0,"9":0,"10":0,"11":0,"12":0,"13":0,"14":0,"15":0},"f":{"0":0,"1":0,"2":0,"3":0,"4":0},"b":{"0":[0,0],"1":[0,0],"2":[0,0]}}
,"D:\\Programming\\Test_Projects\\art-museum2\\src\\utils\\hooks\\useHandlePagination.ts": {"path":"D:\\Programming\\Test_Projects\\art-museum2\\src\\utils\\hooks\\useHandlePagination.ts","statementMap":{"0":{"start":{"line":10,"column":35},"end":{"line":20,"column":1}},"1":{"start":{"line":11,"column":40},"end":{"line":11,"column":51}},"2":{"start":{"line":13,"column":34},"end":{"line":15,"column":8}},"3":{"start":{"line":14,"column":4},"end":{"line":14,"column":31}},"4":{"start":{"line":16,"column":2},"end":{"line":19,"column":4}}},"fnMap":{"0":{"name":"(anonymous_0)","decl":{"start":{"line":10,"column":35},"end":{"line":10,"column":36}},"loc":{"start":{"line":10,"column":73},"end":{"line":20,"column":1}},"line":10},"1":{"name":"(anonymous_1)","decl":{"start":{"line":13,"column":46},"end":{"line":13,"column":47}},"loc":{"start":{"line":13,"column":70},"end":{"line":15,"column":3}},"line":13}},"branchMap":{},"s":{"0":0,"1":0,"2":0,"3":0,"4":0},"f":{"0":0,"1":0},"b":{}}
,"D:\\Programming\\Test_Projects\\art-museum2\\src\\utils\\hooks\\useImageFallback.ts": {"path":"D:\\Programming\\Test_Projects\\art-museum2\\src\\utils\\hooks\\useImageFallback.ts","statementMap":{"0":{"start":{"line":5,"column":32},"end":{"line":23,"column":1}},"1":{"start":{"line":9,"column":30},"end":{"line":9,"column":51}},"2":{"start":{"line":11,"column":14},"end":{"line":11,"column":43}},"3":{"start":{"line":12,"column":2},"end":{"line":12,"column":16}},"4":{"start":{"line":14,"column":2},"end":{"line":16,"column":4}},"5":{"start":{"line":15,"column":4},"end":{"line":15,"column":19}},"6":{"start":{"line":18,"column":2},"end":{"line":20,"column":4}},"7":{"start":{"line":19,"column":4},"end":{"line":19,"column":27}},"8":{"start":{"line":22,"column":2},"end":{"line":22,"column":20}}},"fnMap":{"0":{"name":"(anonymous_0)","decl":{"start":{"line":5,"column":32},"end":{"line":5,"column":33}},"loc":{"start":{"line":8,"column":20},"end":{"line":23,"column":1}},"line":8},"1":{"name":"(anonymous_1)","decl":{"start":{"line":14,"column":15},"end":{"line":14,"column":16}},"loc":{"start":{"line":14,"column":27},"end":{"line":16,"column":3}},"line":14},"2":{"name":"(anonymous_2)","decl":{"start":{"line":18,"column":16},"end":{"line":18,"column":17}},"loc":{"start":{"line":18,"column":28},"end":{"line":20,"column":3}},"line":18}},"branchMap":{},"s":{"0":0,"1":0,"2":0,"3":0,"4":0,"5":0,"6":0,"7":0,"8":0},"f":{"0":0,"1":0,"2":0},"b":{}}
,"D:\\Programming\\Test_Projects\\art-museum2\\src\\utils\\hooks\\useSkeleton.tsx": {"path":"D:\\Programming\\Test_Projects\\art-museum2\\src\\utils\\hooks\\useSkeleton.tsx","statementMap":{"0":{"start":{"line":4,"column":27},"end":{"line":16,"column":1}},"1":{"start":{"line":5,"column":32},"end":{"line":5,"column":55}},"2":{"start":{"line":7,"column":14},"end":{"line":7,"column":43}},"3":{"start":{"line":8,"column":2},"end":{"line":8,"column":16}},"4":{"start":{"line":9,"column":2},"end":{"line":11,"column":4}},"5":{"start":{"line":10,"column":4},"end":{"line":10,"column":22}},"6":{"start":{"line":12,"column":2},"end":{"line":14,"column":4}},"7":{"start":{"line":13,"column":4},"end":{"line":13,"column":22}},"8":{"start":{"line":15,"column":2},"end":{"line":15,"column":17}}},"fnMap":{"0":{"name":"(anonymous_0)","decl":{"start":{"line":4,"column":27},"end":{"line":4,"column":28}},"loc":{"start":{"line":4,"column":44},"end":{"line":16,"column":1}},"line":4},"1":{"name":"(anonymous_1)","decl":{"start":{"line":9,"column":15},"end":{"line":9,"column":16}},"loc":{"start":{"line":9,"column":27},"end":{"line":11,"column":3}},"line":9},"2":{"name":"(anonymous_2)","decl":{"start":{"line":12,"column":16},"end":{"line":12,"column":17}},"loc":{"start":{"line":12,"column":28},"end":{"line":14,"column":3}},"line":12}},"branchMap":{},"s":{"0":0,"1":0,"2":0,"3":0,"4":0,"5":0,"6":0,"7":0,"8":0},"f":{"0":0,"1":0,"2":0},"b":{}}
}
